<?xml version="1.0" encoding="UTF-8"?>
<testng-results skipped="0" failed="0" ignored="0" total="1" passed="1">
  <reporter-output>
  </reporter-output>
  <suite name="Default suite" duration-ms="8371" started-at="2018-03-06T11:33:18Z" finished-at="2018-03-06T11:33:26Z">
    <groups>
    </groups>
    <test name="Default test" duration-ms="8371" started-at="2018-03-06T11:33:18Z" finished-at="2018-03-06T11:33:26Z">
      <class name="Indianic.Links">
        <test-method status="PASS" signature="test()[pri:0, instance:Indianic.Links@1c62251]" name="test" duration-ms="8335" started-at="2018-03-06T11:33:18Z" finished-at="2018-03-06T11:33:26Z">
          <reporter-output>
          </reporter-output>
        </test-method> <!-- test -->
      </class> <!-- Indianic.Links -->
    </test> <!-- Default test -->
  </suite> <!-- Default suite -->
</testng-results>
